{
  "stats": {
    "suites": 1,
    "tests": 4,
    "passes": 4,
    "pending": 0,
    "failures": 0,
    "start": "2023-04-12T22:51:46.005Z",
    "end": "2023-04-12T22:52:03.433Z",
    "duration": 17428,
    "testsRegistered": 4,
    "passPercent": 100,
    "pendingPercent": 0,
    "other": 0,
    "hasOther": false,
    "skipped": 0,
    "hasSkipped": false
  },
  "results": [
    {
      "uuid": "35762a74-7c7e-4d37-b6aa-2030b72ebbf7",
      "title": "",
      "fullFile": "cypress\\e2e\\[US-0004] - Login Validar Campos.cy.js",
      "file": "cypress\\e2e\\[US-0004] - Login Validar Campos.cy.js",
      "beforeHooks": [],
      "afterHooks": [],
      "tests": [],
      "suites": [
        {
          "uuid": "d0727bda-4fd0-4574-a310-d6d741fe323e",
          "title": "Funcionalidade Login",
          "fullFile": "",
          "file": "",
          "beforeHooks": [],
          "afterHooks": [],
          "tests": [
            {
              "title": "Login com sucesso",
              "fullTitle": "Funcionalidade Login Login com sucesso",
              "timedOut": null,
              "duration": 5273,
              "state": "passed",
              "speed": "medium",
              "pass": true,
              "fail": false,
              "pending": false,
              "context": null,
              "code": "cy.fixture('perfil').then(dados => {\n  cy.login(dados.username, dados.password);\n});\ncy.get('.page-title').should('contain', 'Minha conta');\ncy.get('.woocommerce-MyAccount-content > :nth-child(2)').should('contain', ' gabsqa-1779');",
              "err": {},
              "uuid": "a196243c-105e-467a-92e8-83ff58d8be01",
              "parentUUID": "d0727bda-4fd0-4574-a310-d6d741fe323e",
              "isHook": false,
              "skipped": false
            },
            {
              "title": "Login inválido - sem preencher E-mail",
              "fullTitle": "Funcionalidade Login Login inválido - sem preencher E-mail",
              "timedOut": null,
              "duration": 2758,
              "state": "passed",
              "speed": "fast",
              "pass": true,
              "fail": false,
              "pending": false,
              "context": null,
              "code": "cy.get('#password').type('223233');\ncy.get('.woocommerce-form > .button').click();\ncy.get('.woocommerce-error > li').should('contain', 'Erro: Nome de usuário é obrigatório.');",
              "err": {},
              "uuid": "28dce149-30fb-4435-83c9-a0426df4e7d3",
              "parentUUID": "d0727bda-4fd0-4574-a310-d6d741fe323e",
              "isHook": false,
              "skipped": false
            },
            {
              "title": "Login inválido - com email não cadastrado",
              "fullTitle": "Funcionalidade Login Login inválido - com email não cadastrado",
              "timedOut": null,
              "duration": 3217,
              "state": "passed",
              "speed": "fast",
              "pass": true,
              "fail": false,
              "pending": false,
              "context": null,
              "code": "cy.fixture('perfil').then(dados => {\n  cy.login(dados.username3, dados.password);\n});\ncy.get('.page-title').should('contain', 'Minha conta');\ncy.get('.woocommerce-error > li').should('contain', 'Endereço de e-mail desconhecido. Verifique novamente ou tente seu nome de usuário.');",
              "err": {},
              "uuid": "63111f3b-b304-4ace-a206-24c30d983563",
              "parentUUID": "d0727bda-4fd0-4574-a310-d6d741fe323e",
              "isHook": false,
              "skipped": false
            },
            {
              "title": "Login inválido - sem preencher senha",
              "fullTitle": "Funcionalidade Login Login inválido - sem preencher senha",
              "timedOut": null,
              "duration": 2486,
              "state": "passed",
              "speed": "fast",
              "pass": true,
              "fail": false,
              "pending": false,
              "context": null,
              "code": "cy.fixture('perfil').then(dados => {\n  cy.login(dados.username, ' ');\n});\ncy.get('.page-title').should('contain', 'Minha conta');\ncy.get('.woocommerce-error > li').should('contain', 'Erro: o campo da senha está vazio.');",
              "err": {},
              "uuid": "af075ac1-023a-408a-8b44-3b34bb0c02b7",
              "parentUUID": "d0727bda-4fd0-4574-a310-d6d741fe323e",
              "isHook": false,
              "skipped": false
            }
          ],
          "suites": [],
          "passes": [
            "a196243c-105e-467a-92e8-83ff58d8be01",
            "28dce149-30fb-4435-83c9-a0426df4e7d3",
            "63111f3b-b304-4ace-a206-24c30d983563",
            "af075ac1-023a-408a-8b44-3b34bb0c02b7"
          ],
          "failures": [],
          "pending": [],
          "skipped": [],
          "duration": 13734,
          "root": false,
          "rootEmpty": false,
          "_timeout": 2000
        }
      ],
      "passes": [],
      "failures": [],
      "pending": [],
      "skipped": [],
      "duration": 0,
      "root": true,
      "rootEmpty": true,
      "_timeout": 2000
    }
  ],
  "meta": {
    "mocha": {
      "version": "7.0.1"
    },
    "mochawesome": {
      "options": {
        "quiet": false,
        "reportFilename": "mochawesome",
        "saveHtml": true,
        "saveJson": true,
        "consoleReporter": "spec",
        "useInlineDiffs": false,
        "code": true
      },
      "version": "7.1.3"
    },
    "marge": {
      "options": {
        "reportDir": "cypress/results",
        "overwrite": false,
        "html": true,
        "json": true
      },
      "version": "6.2.0"
    }
  }
}