{
  "stats": {
    "suites": 1,
    "tests": 4,
    "passes": 4,
    "pending": 0,
    "failures": 0,
    "start": "2023-04-12T22:51:21.826Z",
    "end": "2023-04-12T22:51:39.190Z",
    "duration": 17364,
    "testsRegistered": 4,
    "passPercent": 100,
    "pendingPercent": 0,
    "other": 0,
    "hasOther": false,
    "skipped": 0,
    "hasSkipped": false
  },
  "results": [
    {
      "uuid": "332e4ca1-b736-4fc9-8ed8-9c8ba35ec6dd",
      "title": "",
      "fullFile": "cypress\\e2e\\[US-0002] – Login na plataforma .cy.js",
      "file": "cypress\\e2e\\[US-0002] – Login na plataforma .cy.js",
      "beforeHooks": [],
      "afterHooks": [],
      "tests": [],
      "suites": [
        {
          "uuid": "ff95dd09-6ce7-4718-838d-56d4245c9ff2",
          "title": "Funcionalidade Login",
          "fullFile": "",
          "file": "",
          "beforeHooks": [],
          "afterHooks": [],
          "tests": [
            {
              "title": "Login com sucesso",
              "fullTitle": "Funcionalidade Login Login com sucesso",
              "timedOut": null,
              "duration": 6100,
              "state": "passed",
              "speed": "medium",
              "pass": true,
              "fail": false,
              "pending": false,
              "context": null,
              "code": "cy.fixture('perfil').then(dados => {\n  cy.login(dados.username, dados.password);\n});\ncy.get('.page-title').should('contain', 'Minha conta');\ncy.get('.woocommerce-MyAccount-content > :nth-child(2)').should('contain', ' gabsqa-1779');",
              "err": {},
              "uuid": "7bf2e12c-8623-4f35-92ba-524a70976a1d",
              "parentUUID": "ff95dd09-6ce7-4718-838d-56d4245c9ff2",
              "isHook": false,
              "skipped": false
            },
            {
              "title": "Login inválido - sem preencher E-mail",
              "fullTitle": "Funcionalidade Login Login inválido - sem preencher E-mail",
              "timedOut": null,
              "duration": 2461,
              "state": "passed",
              "speed": "fast",
              "pass": true,
              "fail": false,
              "pending": false,
              "context": null,
              "code": "cy.get('#password').type('223233');\ncy.get('.woocommerce-form > .button').click();\ncy.get('.woocommerce-error > li').should('contain', 'Erro: Nome de usuário é obrigatório.');",
              "err": {},
              "uuid": "42effd78-942f-407d-a8be-18ce23cd5b10",
              "parentUUID": "ff95dd09-6ce7-4718-838d-56d4245c9ff2",
              "isHook": false,
              "skipped": false
            },
            {
              "title": "Login inválido - com email não cadastrado",
              "fullTitle": "Funcionalidade Login Login inválido - com email não cadastrado",
              "timedOut": null,
              "duration": 2939,
              "state": "passed",
              "speed": "fast",
              "pass": true,
              "fail": false,
              "pending": false,
              "context": null,
              "code": "cy.fixture('perfil').then(dados => {\n  cy.login(dados.username3, dados.password);\n});\ncy.get('.page-title').should('contain', 'Minha conta');\ncy.get('.woocommerce-error > li').should('contain', 'Endereço de e-mail desconhecido. Verifique novamente ou tente seu nome de usuário.');",
              "err": {},
              "uuid": "372740fb-b320-4125-a70a-3f4a3e08f52f",
              "parentUUID": "ff95dd09-6ce7-4718-838d-56d4245c9ff2",
              "isHook": false,
              "skipped": false
            },
            {
              "title": "Login inválido - sem preencher senha",
              "fullTitle": "Funcionalidade Login Login inválido - sem preencher senha",
              "timedOut": null,
              "duration": 2211,
              "state": "passed",
              "speed": "fast",
              "pass": true,
              "fail": false,
              "pending": false,
              "context": null,
              "code": "cy.fixture('perfil').then(dados => {\n  cy.login(dados.username, ' ');\n});\ncy.get('.page-title').should('contain', 'Minha conta');\ncy.get('.woocommerce-error > li').should('contain', 'Erro: o campo da senha está vazio.');",
              "err": {},
              "uuid": "491bce68-5348-4d27-89c6-111b115ec646",
              "parentUUID": "ff95dd09-6ce7-4718-838d-56d4245c9ff2",
              "isHook": false,
              "skipped": false
            }
          ],
          "suites": [],
          "passes": [
            "7bf2e12c-8623-4f35-92ba-524a70976a1d",
            "42effd78-942f-407d-a8be-18ce23cd5b10",
            "372740fb-b320-4125-a70a-3f4a3e08f52f",
            "491bce68-5348-4d27-89c6-111b115ec646"
          ],
          "failures": [],
          "pending": [],
          "skipped": [],
          "duration": 13711,
          "root": false,
          "rootEmpty": false,
          "_timeout": 2000
        }
      ],
      "passes": [],
      "failures": [],
      "pending": [],
      "skipped": [],
      "duration": 0,
      "root": true,
      "rootEmpty": true,
      "_timeout": 2000
    }
  ],
  "meta": {
    "mocha": {
      "version": "7.0.1"
    },
    "mochawesome": {
      "options": {
        "quiet": false,
        "reportFilename": "mochawesome",
        "saveHtml": true,
        "saveJson": true,
        "consoleReporter": "spec",
        "useInlineDiffs": false,
        "code": true
      },
      "version": "7.1.3"
    },
    "marge": {
      "options": {
        "reportDir": "cypress/results",
        "overwrite": false,
        "html": true,
        "json": true
      },
      "version": "6.2.0"
    }
  }
}