{
  "stats": {
    "suites": 1,
    "tests": 4,
    "passes": 4,
    "pending": 0,
    "failures": 0,
    "start": "2023-04-12T22:46:34.844Z",
    "end": "2023-04-12T22:46:54.137Z",
    "duration": 19293,
    "testsRegistered": 4,
    "passPercent": 100,
    "pendingPercent": 0,
    "other": 0,
    "hasOther": false,
    "skipped": 0,
    "hasSkipped": false
  },
  "results": [
    {
      "uuid": "66c249c5-0983-4cfd-9394-965b00570cad",
      "title": "",
      "fullFile": "cypress\\e2e\\[US-0002] – Login na plataforma .cy.js",
      "file": "cypress\\e2e\\[US-0002] – Login na plataforma .cy.js",
      "beforeHooks": [],
      "afterHooks": [],
      "tests": [],
      "suites": [
        {
          "uuid": "fcee2150-e79f-41e8-99f8-0d2c6f8dc6ee",
          "title": "Funcionalidade Login",
          "fullFile": "",
          "file": "",
          "beforeHooks": [],
          "afterHooks": [],
          "tests": [
            {
              "title": "Login com sucesso",
              "fullTitle": "Funcionalidade Login Login com sucesso",
              "timedOut": null,
              "duration": 6369,
              "state": "passed",
              "speed": "medium",
              "pass": true,
              "fail": false,
              "pending": false,
              "context": null,
              "code": "cy.fixture('perfil').then(dados => {\n  cy.login(dados.username, dados.password);\n});\ncy.get('.page-title').should('contain', 'Minha conta');\ncy.get('.woocommerce-MyAccount-content > :nth-child(2)').should('contain', ' gabsqa-1779');",
              "err": {},
              "uuid": "32c28d1e-25c9-4d13-812f-3e899fdac4be",
              "parentUUID": "fcee2150-e79f-41e8-99f8-0d2c6f8dc6ee",
              "isHook": false,
              "skipped": false
            },
            {
              "title": "Login inválido - sem preencher E-mail",
              "fullTitle": "Funcionalidade Login Login inválido - sem preencher E-mail",
              "timedOut": null,
              "duration": 3070,
              "state": "passed",
              "speed": "fast",
              "pass": true,
              "fail": false,
              "pending": false,
              "context": null,
              "code": "cy.get('#password').type('223233');\ncy.get('.woocommerce-form > .button').click();\ncy.get('.woocommerce-error > li').should('contain', 'Erro: Nome de usuário é obrigatório.');",
              "err": {},
              "uuid": "853bcdfc-b8be-4f9b-932e-959a358c0330",
              "parentUUID": "fcee2150-e79f-41e8-99f8-0d2c6f8dc6ee",
              "isHook": false,
              "skipped": false
            },
            {
              "title": "Login inválido - com email não cadastrado",
              "fullTitle": "Funcionalidade Login Login inválido - com email não cadastrado",
              "timedOut": null,
              "duration": 3175,
              "state": "passed",
              "speed": "fast",
              "pass": true,
              "fail": false,
              "pending": false,
              "context": null,
              "code": "cy.fixture('perfil').then(dados => {\n  cy.login(dados.username3, dados.password);\n});\ncy.get('.page-title').should('contain', 'Minha conta');\ncy.get('.woocommerce-error > li').should('contain', 'Endereço de e-mail desconhecido. Verifique novamente ou tente seu nome de usuário.');",
              "err": {},
              "uuid": "cc98abd9-0186-4388-8abb-43d6835b2daa",
              "parentUUID": "fcee2150-e79f-41e8-99f8-0d2c6f8dc6ee",
              "isHook": false,
              "skipped": false
            },
            {
              "title": "Login inválido - sem preencher senha",
              "fullTitle": "Funcionalidade Login Login inválido - sem preencher senha",
              "timedOut": null,
              "duration": 2292,
              "state": "passed",
              "speed": "fast",
              "pass": true,
              "fail": false,
              "pending": false,
              "context": null,
              "code": "cy.fixture('perfil').then(dados => {\n  cy.login(dados.username, ' ');\n});\ncy.get('.page-title').should('contain', 'Minha conta');\ncy.get('.woocommerce-error > li').should('contain', 'Erro: o campo da senha está vazio.');",
              "err": {},
              "uuid": "1d61eb42-3c95-4ff3-b126-cae9f1b55cf6",
              "parentUUID": "fcee2150-e79f-41e8-99f8-0d2c6f8dc6ee",
              "isHook": false,
              "skipped": false
            }
          ],
          "suites": [],
          "passes": [
            "32c28d1e-25c9-4d13-812f-3e899fdac4be",
            "853bcdfc-b8be-4f9b-932e-959a358c0330",
            "cc98abd9-0186-4388-8abb-43d6835b2daa",
            "1d61eb42-3c95-4ff3-b126-cae9f1b55cf6"
          ],
          "failures": [],
          "pending": [],
          "skipped": [],
          "duration": 14906,
          "root": false,
          "rootEmpty": false,
          "_timeout": 2000
        }
      ],
      "passes": [],
      "failures": [],
      "pending": [],
      "skipped": [],
      "duration": 0,
      "root": true,
      "rootEmpty": true,
      "_timeout": 2000
    }
  ],
  "meta": {
    "mocha": {
      "version": "7.0.1"
    },
    "mochawesome": {
      "options": {
        "quiet": false,
        "reportFilename": "mochawesome",
        "saveHtml": true,
        "saveJson": true,
        "consoleReporter": "spec",
        "useInlineDiffs": false,
        "code": true
      },
      "version": "7.1.3"
    },
    "marge": {
      "options": {
        "reportDir": "cypress/results",
        "overwrite": false,
        "html": true,
        "json": true
      },
      "version": "6.2.0"
    }
  }
}