{
  "stats": {
    "suites": 1,
    "tests": 1,
    "passes": 1,
    "pending": 0,
    "failures": 0,
    "start": "2023-04-12T22:47:28.214Z",
    "end": "2023-04-12T22:47:37.625Z",
    "duration": 9411,
    "testsRegistered": 1,
    "passPercent": 100,
    "pendingPercent": 0,
    "other": 0,
    "hasOther": false,
    "skipped": 0,
    "hasSkipped": false
  },
  "results": [
    {
      "uuid": "5f5bf25c-9d3f-4ed2-8491-1b7ca2c0af16",
      "title": "",
      "fullFile": "cypress\\e2e\\[US-0005] - Pre-cadastro.cy.js",
      "file": "cypress\\e2e\\[US-0005] - Pre-cadastro.cy.js",
      "beforeHooks": [],
      "afterHooks": [],
      "tests": [],
      "suites": [
        {
          "uuid": "8f698f81-5c8d-457f-a686-0b215d8791db",
          "title": "Funcionalidade Pré- Cadastro",
          "fullFile": "",
          "file": "",
          "beforeHooks": [],
          "afterHooks": [],
          "tests": [
            {
              "title": "Deve completar o pré-cadastro com sucesso com comandos customizados",
              "fullTitle": "Funcionalidade Pré- Cadastro Deve completar o pré-cadastro com sucesso com comandos customizados",
              "timedOut": null,
              "duration": 9350,
              "state": "passed",
              "speed": "medium",
              "pass": true,
              "fail": false,
              "pending": false,
              "context": null,
              "code": "let emailFaker3 = faker.internet.email();\ncy.preCadastro(emailFaker3, faker.internet.password(), faker.name.firstName(), faker.name.lastName());\ncy.get('.woocommerce-message').should('contain', 'Detalhes da conta modificados com sucesso.');",
              "err": {},
              "uuid": "ed85433c-fbe0-478c-a14d-48d9ba835805",
              "parentUUID": "8f698f81-5c8d-457f-a686-0b215d8791db",
              "isHook": false,
              "skipped": false
            }
          ],
          "suites": [],
          "passes": [
            "ed85433c-fbe0-478c-a14d-48d9ba835805"
          ],
          "failures": [],
          "pending": [],
          "skipped": [],
          "duration": 9350,
          "root": false,
          "rootEmpty": false,
          "_timeout": 2000
        }
      ],
      "passes": [],
      "failures": [],
      "pending": [],
      "skipped": [],
      "duration": 0,
      "root": true,
      "rootEmpty": true,
      "_timeout": 2000
    }
  ],
  "meta": {
    "mocha": {
      "version": "7.0.1"
    },
    "mochawesome": {
      "options": {
        "quiet": false,
        "reportFilename": "mochawesome",
        "saveHtml": true,
        "saveJson": true,
        "consoleReporter": "spec",
        "useInlineDiffs": false,
        "code": true
      },
      "version": "7.1.3"
    },
    "marge": {
      "options": {
        "reportDir": "cypress/results",
        "overwrite": false,
        "html": true,
        "json": true
      },
      "version": "6.2.0"
    }
  }
}