{
  "stats": {
    "suites": 1,
    "tests": 4,
    "passes": 4,
    "pending": 0,
    "failures": 0,
    "start": "2023-04-05T22:31:06.190Z",
    "end": "2023-04-05T22:31:24.256Z",
    "duration": 18066,
    "testsRegistered": 4,
    "passPercent": 100,
    "pendingPercent": 0,
    "other": 0,
    "hasOther": false,
    "skipped": 0,
    "hasSkipped": false
  },
  "results": [
    {
      "uuid": "785918b5-c317-4b90-bd3d-2720a132d3b9",
      "title": "",
      "fullFile": "cypress\\e2e\\[US-0004] - Login Validar Campos.cy.js",
      "file": "cypress\\e2e\\[US-0004] - Login Validar Campos.cy.js",
      "beforeHooks": [],
      "afterHooks": [],
      "tests": [],
      "suites": [
        {
          "uuid": "5d9e5de7-cbb7-4421-8a7f-784cbe1f23ec",
          "title": "Funcionalidade Login",
          "fullFile": "",
          "file": "",
          "beforeHooks": [],
          "afterHooks": [],
          "tests": [
            {
              "title": "Login com sucesso",
              "fullTitle": "Funcionalidade Login Login com sucesso",
              "timedOut": null,
              "duration": 6071,
              "state": "passed",
              "speed": "medium",
              "pass": true,
              "fail": false,
              "pending": false,
              "context": null,
              "code": "cy.fixture('perfil').then(dados => {\n  cy.login(dados.username, dados.password);\n});\ncy.get('.page-title').should('contain', 'Minha conta');\ncy.get('.woocommerce-MyAccount-content > :nth-child(2)').should('contain', ' gabsqa-1779');",
              "err": {},
              "uuid": "3462ebcd-3457-443a-acd6-2c6c55ff280a",
              "parentUUID": "5d9e5de7-cbb7-4421-8a7f-784cbe1f23ec",
              "isHook": false,
              "skipped": false
            },
            {
              "title": "Login inválido - sem preencher E-mail",
              "fullTitle": "Funcionalidade Login Login inválido - sem preencher E-mail",
              "timedOut": null,
              "duration": 2239,
              "state": "passed",
              "speed": "fast",
              "pass": true,
              "fail": false,
              "pending": false,
              "context": null,
              "code": "cy.get('#password').type('223233');\ncy.get('.woocommerce-form > .button').click();\ncy.get('.woocommerce-error > li').should('contain', 'Erro: Nome de usuário é obrigatório.');",
              "err": {},
              "uuid": "9f8203d8-f56b-47b9-a603-17116b0688d2",
              "parentUUID": "5d9e5de7-cbb7-4421-8a7f-784cbe1f23ec",
              "isHook": false,
              "skipped": false
            },
            {
              "title": "Login inválido - com email não cadastrado",
              "fullTitle": "Funcionalidade Login Login inválido - com email não cadastrado",
              "timedOut": null,
              "duration": 2790,
              "state": "passed",
              "speed": "fast",
              "pass": true,
              "fail": false,
              "pending": false,
              "context": null,
              "code": "cy.fixture('perfil').then(dados => {\n  cy.login(dados.username3, dados.password);\n});\ncy.get('.page-title').should('contain', 'Minha conta');\ncy.get('.woocommerce-error > li').should('contain', 'Endereço de e-mail desconhecido. Verifique novamente ou tente seu nome de usuário.');",
              "err": {},
              "uuid": "841d8981-6dfc-4946-87f3-498781d2d152",
              "parentUUID": "5d9e5de7-cbb7-4421-8a7f-784cbe1f23ec",
              "isHook": false,
              "skipped": false
            },
            {
              "title": "Login inválido - sem preencher senha",
              "fullTitle": "Funcionalidade Login Login inválido - sem preencher senha",
              "timedOut": null,
              "duration": 2521,
              "state": "passed",
              "speed": "fast",
              "pass": true,
              "fail": false,
              "pending": false,
              "context": null,
              "code": "cy.fixture('perfil').then(dados => {\n  cy.login(dados.username, ' ');\n});\ncy.get('.page-title').should('contain', 'Minha conta');\ncy.get('.woocommerce-error > li').should('contain', 'Erro: o campo da senha está vazio.');",
              "err": {},
              "uuid": "a478f264-b8d6-4087-8163-f95de5edcea5",
              "parentUUID": "5d9e5de7-cbb7-4421-8a7f-784cbe1f23ec",
              "isHook": false,
              "skipped": false
            }
          ],
          "suites": [],
          "passes": [
            "3462ebcd-3457-443a-acd6-2c6c55ff280a",
            "9f8203d8-f56b-47b9-a603-17116b0688d2",
            "841d8981-6dfc-4946-87f3-498781d2d152",
            "a478f264-b8d6-4087-8163-f95de5edcea5"
          ],
          "failures": [],
          "pending": [],
          "skipped": [],
          "duration": 13621,
          "root": false,
          "rootEmpty": false,
          "_timeout": 2000
        }
      ],
      "passes": [],
      "failures": [],
      "pending": [],
      "skipped": [],
      "duration": 0,
      "root": true,
      "rootEmpty": true,
      "_timeout": 2000
    }
  ],
  "meta": {
    "mocha": {
      "version": "7.0.1"
    },
    "mochawesome": {
      "options": {
        "quiet": false,
        "reportFilename": "mochawesome",
        "saveHtml": true,
        "saveJson": true,
        "consoleReporter": "spec",
        "useInlineDiffs": false,
        "code": true
      },
      "version": "7.1.3"
    },
    "marge": {
      "options": {
        "reportDir": "cypress/results",
        "overwrite": false,
        "html": true,
        "json": true
      },
      "version": "6.2.0"
    }
  }
}