{
  "stats": {
    "suites": 9,
    "tests": 23,
    "passes": 22,
    "pending": 0,
    "failures": 1,
    "testsRegistered": 23,
    "passPercent": 95.65217391304348,
    "pendingPercent": 0,
    "other": 0,
    "hasOther": false,
    "skipped": 0,
    "hasSkipped": false,
    "start": "2023-04-05T22:25:06.868Z",
    "end": "2023-04-05T22:32:28.021Z",
    "duration": 441153
  },
  "results": [
    {
      "uuid": "e724d87d-8369-41db-af0d-ff9f3dfd174b",
      "title": "",
      "fullFile": "cypress\\e2e\\[US-0002] – Login na plataforma .cy.js",
      "file": "cypress\\e2e\\[US-0002] – Login na plataforma .cy.js",
      "beforeHooks": [],
      "afterHooks": [],
      "tests": [],
      "suites": [
        {
          "uuid": "6efe556c-33fe-4e95-8e75-7704d4b8fa86",
          "title": "Funcionalidade Login",
          "fullFile": "",
          "file": "",
          "beforeHooks": [],
          "afterHooks": [],
          "tests": [
            {
              "title": "Login com sucesso",
              "fullTitle": "Funcionalidade Login Login com sucesso",
              "timedOut": null,
              "duration": 5939,
              "state": "passed",
              "speed": "medium",
              "pass": true,
              "fail": false,
              "pending": false,
              "context": null,
              "code": "cy.fixture('perfil').then(dados => {\n  cy.login(dados.username, dados.password);\n});\ncy.get('.page-title').should('contain', 'Minha conta');\ncy.get('.woocommerce-MyAccount-content > :nth-child(2)').should('contain', ' gabsqa-1779');",
              "err": {},
              "uuid": "94567adb-7004-46e8-aa65-befea59750fd",
              "parentUUID": "6efe556c-33fe-4e95-8e75-7704d4b8fa86",
              "isHook": false,
              "skipped": false
            },
            {
              "title": "Login inválido - sem preencher E-mail",
              "fullTitle": "Funcionalidade Login Login inválido - sem preencher E-mail",
              "timedOut": null,
              "duration": 2983,
              "state": "passed",
              "speed": "fast",
              "pass": true,
              "fail": false,
              "pending": false,
              "context": null,
              "code": "cy.get('#password').type('223233');\ncy.get('.woocommerce-form > .button').click();\ncy.get('.woocommerce-error > li').should('contain', 'Erro: Nome de usuário é obrigatório.');",
              "err": {},
              "uuid": "211ade92-462e-45fa-a63a-267418bb5868",
              "parentUUID": "6efe556c-33fe-4e95-8e75-7704d4b8fa86",
              "isHook": false,
              "skipped": false
            },
            {
              "title": "Login inválido - com email não cadastrado",
              "fullTitle": "Funcionalidade Login Login inválido - com email não cadastrado",
              "timedOut": null,
              "duration": 3838,
              "state": "passed",
              "speed": "fast",
              "pass": true,
              "fail": false,
              "pending": false,
              "context": null,
              "code": "cy.fixture('perfil').then(dados => {\n  cy.login(dados.username3, dados.password);\n});\ncy.get('.page-title').should('contain', 'Minha conta');\ncy.get('.woocommerce-error > li').should('contain', 'Endereço de e-mail desconhecido. Verifique novamente ou tente seu nome de usuário.');",
              "err": {},
              "uuid": "d67b0b93-7560-4d36-8286-28130c9b39ee",
              "parentUUID": "6efe556c-33fe-4e95-8e75-7704d4b8fa86",
              "isHook": false,
              "skipped": false
            },
            {
              "title": "Login inválido - sem preencher senha",
              "fullTitle": "Funcionalidade Login Login inválido - sem preencher senha",
              "timedOut": null,
              "duration": 2871,
              "state": "passed",
              "speed": "fast",
              "pass": true,
              "fail": false,
              "pending": false,
              "context": null,
              "code": "cy.fixture('perfil').then(dados => {\n  cy.login(dados.username, ' ');\n});\ncy.get('.page-title').should('contain', 'Minha conta');\ncy.get('.woocommerce-error > li').should('contain', 'Erro: o campo da senha está vazio.');",
              "err": {},
              "uuid": "bb4e3b89-21d8-48ad-b458-2e1e098bd1a7",
              "parentUUID": "6efe556c-33fe-4e95-8e75-7704d4b8fa86",
              "isHook": false,
              "skipped": false
            }
          ],
          "suites": [],
          "passes": [
            "94567adb-7004-46e8-aa65-befea59750fd",
            "211ade92-462e-45fa-a63a-267418bb5868",
            "d67b0b93-7560-4d36-8286-28130c9b39ee",
            "bb4e3b89-21d8-48ad-b458-2e1e098bd1a7"
          ],
          "failures": [],
          "pending": [],
          "skipped": [],
          "duration": 15631,
          "root": false,
          "rootEmpty": false,
          "_timeout": 2000
        }
      ],
      "passes": [],
      "failures": [],
      "pending": [],
      "skipped": [],
      "duration": 0,
      "root": true,
      "rootEmpty": true,
      "_timeout": 2000
    },
    {
      "uuid": "bcf79b89-fa64-47b4-bfd8-14a1fafac494",
      "title": "",
      "fullFile": "cypress\\e2e\\[US-0004] - Login Validar Campos.cy.js",
      "file": "cypress\\e2e\\[US-0004] - Login Validar Campos.cy.js",
      "beforeHooks": [],
      "afterHooks": [],
      "tests": [],
      "suites": [
        {
          "uuid": "9680b73f-567c-451e-8099-0e83b907d500",
          "title": "Funcionalidade Login",
          "fullFile": "",
          "file": "",
          "beforeHooks": [],
          "afterHooks": [],
          "tests": [
            {
              "title": "Login com sucesso",
              "fullTitle": "Funcionalidade Login Login com sucesso",
              "timedOut": null,
              "duration": 5925,
              "state": "passed",
              "speed": "medium",
              "pass": true,
              "fail": false,
              "pending": false,
              "context": null,
              "code": "cy.fixture('perfil').then(dados => {\n  cy.login(dados.username, dados.password);\n});\ncy.get('.page-title').should('contain', 'Minha conta');\ncy.get('.woocommerce-MyAccount-content > :nth-child(2)').should('contain', ' gabsqa-1779');",
              "err": {},
              "uuid": "7663ca35-f337-4b7e-b2d8-8f91acd9b016",
              "parentUUID": "9680b73f-567c-451e-8099-0e83b907d500",
              "isHook": false,
              "skipped": false
            },
            {
              "title": "Login inválido - sem preencher E-mail",
              "fullTitle": "Funcionalidade Login Login inválido - sem preencher E-mail",
              "timedOut": null,
              "duration": 3432,
              "state": "passed",
              "speed": "fast",
              "pass": true,
              "fail": false,
              "pending": false,
              "context": null,
              "code": "cy.get('#password').type('223233');\ncy.get('.woocommerce-form > .button').click();\ncy.get('.woocommerce-error > li').should('contain', 'Erro: Nome de usuário é obrigatório.');",
              "err": {},
              "uuid": "10be4ca0-cd63-49c0-91ea-666a837923b6",
              "parentUUID": "9680b73f-567c-451e-8099-0e83b907d500",
              "isHook": false,
              "skipped": false
            },
            {
              "title": "Login inválido - com email não cadastrado",
              "fullTitle": "Funcionalidade Login Login inválido - com email não cadastrado",
              "timedOut": null,
              "duration": 3628,
              "state": "passed",
              "speed": "fast",
              "pass": true,
              "fail": false,
              "pending": false,
              "context": null,
              "code": "cy.fixture('perfil').then(dados => {\n  cy.login(dados.username3, dados.password);\n});\ncy.get('.page-title').should('contain', 'Minha conta');\ncy.get('.woocommerce-error > li').should('contain', 'Endereço de e-mail desconhecido. Verifique novamente ou tente seu nome de usuário.');",
              "err": {},
              "uuid": "6eeb560e-f28f-4a0a-b06b-5b588e750737",
              "parentUUID": "9680b73f-567c-451e-8099-0e83b907d500",
              "isHook": false,
              "skipped": false
            },
            {
              "title": "Login inválido - sem preencher senha",
              "fullTitle": "Funcionalidade Login Login inválido - sem preencher senha",
              "timedOut": null,
              "duration": 2458,
              "state": "passed",
              "speed": "fast",
              "pass": true,
              "fail": false,
              "pending": false,
              "context": null,
              "code": "cy.fixture('perfil').then(dados => {\n  cy.login(dados.username, ' ');\n});\ncy.get('.page-title').should('contain', 'Minha conta');\ncy.get('.woocommerce-error > li').should('contain', 'Erro: o campo da senha está vazio.');",
              "err": {},
              "uuid": "241a8cc8-c2c0-4f46-b836-a957b7fdd44c",
              "parentUUID": "9680b73f-567c-451e-8099-0e83b907d500",
              "isHook": false,
              "skipped": false
            }
          ],
          "suites": [],
          "passes": [
            "7663ca35-f337-4b7e-b2d8-8f91acd9b016",
            "10be4ca0-cd63-49c0-91ea-666a837923b6",
            "6eeb560e-f28f-4a0a-b06b-5b588e750737",
            "241a8cc8-c2c0-4f46-b836-a957b7fdd44c"
          ],
          "failures": [],
          "pending": [],
          "skipped": [],
          "duration": 15443,
          "root": false,
          "rootEmpty": false,
          "_timeout": 2000
        }
      ],
      "passes": [],
      "failures": [],
      "pending": [],
      "skipped": [],
      "duration": 0,
      "root": true,
      "rootEmpty": true,
      "_timeout": 2000
    },
    {
      "uuid": "4403b052-c60a-4cfb-bc10-ab43ca7d755c",
      "title": "",
      "fullFile": "cypress\\e2e\\[US-0005] - Pre-cadastro.cy.js",
      "file": "cypress\\e2e\\[US-0005] - Pre-cadastro.cy.js",
      "beforeHooks": [],
      "afterHooks": [],
      "tests": [],
      "suites": [
        {
          "uuid": "b893bd51-c84a-4925-9aa4-a17e13e1832e",
          "title": "Funcionalidade Pré- Cadastro",
          "fullFile": "",
          "file": "",
          "beforeHooks": [],
          "afterHooks": [],
          "tests": [
            {
              "title": "Deve completar o pré-cadastro com sucesso com comandos customizados",
              "fullTitle": "Funcionalidade Pré- Cadastro Deve completar o pré-cadastro com sucesso com comandos customizados",
              "timedOut": null,
              "duration": 9622,
              "state": "passed",
              "speed": "medium",
              "pass": true,
              "fail": false,
              "pending": false,
              "context": null,
              "code": "let emailFaker3 = faker.internet.email();\ncy.preCadastro(emailFaker3, faker.internet.password(), faker.name.firstName(), faker.name.lastName());\ncy.get('.woocommerce-message').should('contain', 'Detalhes da conta modificados com sucesso.');",
              "err": {},
              "uuid": "792b221f-bdf8-4329-a8d5-0120dca19b5b",
              "parentUUID": "b893bd51-c84a-4925-9aa4-a17e13e1832e",
              "isHook": false,
              "skipped": false
            }
          ],
          "suites": [],
          "passes": [
            "792b221f-bdf8-4329-a8d5-0120dca19b5b"
          ],
          "failures": [],
          "pending": [],
          "skipped": [],
          "duration": 9622,
          "root": false,
          "rootEmpty": false,
          "_timeout": 2000
        }
      ],
      "passes": [],
      "failures": [],
      "pending": [],
      "skipped": [],
      "duration": 0,
      "root": true,
      "rootEmpty": true,
      "_timeout": 2000
    },
    {
      "uuid": "afaa71f6-0519-4110-80f4-3f96ef575837",
      "title": "",
      "fullFile": "cypress\\e2e\\[US-0006] - Endereço Faturamento e Entrega.cy.js",
      "file": "cypress\\e2e\\[US-0006] - Endereço Faturamento e Entrega.cy.js",
      "beforeHooks": [],
      "afterHooks": [],
      "tests": [],
      "suites": [
        {
          "uuid": "35d37c4c-44dc-488d-8089-f2bd05d623a1",
          "title": "Cadastrar Endereços de Faturamento e Entrega",
          "fullFile": "",
          "file": "",
          "beforeHooks": [],
          "afterHooks": [],
          "tests": [
            {
              "title": "Deve cadastrar Endereço de Faturamento",
              "fullTitle": "Cadastrar Endereços de Faturamento e Entrega Deve cadastrar Endereço de Faturamento",
              "timedOut": null,
              "duration": 15071,
              "state": "passed",
              "speed": "slow",
              "pass": true,
              "fail": false,
              "pending": false,
              "context": null,
              "code": "cy.get(':nth-child(3) > [href=\"http://lojaebac.ebaconline.art.br/minha-conta/edit-address/\"]').click();\ncy.get('h2').should('contain', 'My Addresses');\ncy.get('.myaccount_address').should('contain', 'The following addresses will be used on the checkout page by default.');\ncy.get(':nth-child(1) > .title > h3').should('contain', 'Billing Address');\ncy.get(':nth-child(1) > .title > .edit').should('exist').click();\ncy.get('#billing_first_name').clear().type(faker.name.firstName());\ncy.get('#billing_last_name').clear().type(faker.name.lastName());\ncy.get('#billing_company').clear().type(faker.company.companyName());\ncy.get('#billing_address_1').clear().type(faker.address.streetName());\ncy.get('#billing_address_2').clear().type(faker.random.number());\ncy.get('#billing_city').clear().type(faker.address.city());\ncy.get('#billing_postcode').clear().type(faker.address.zipCodeValid());\ncy.get('#billing_phone').clear().type(faker.phone.phoneNumber());\ncy.get('button[name=\"save_address\"]').should('have.attr', 'value', 'Salvar endereços').click();\ncy.get('.woocommerce-message').should('contain', 'Endereço alterado com sucesso');",
              "err": {},
              "uuid": "0368dd8b-7cdc-4e3f-b70e-f74e4ab0e947",
              "parentUUID": "35d37c4c-44dc-488d-8089-f2bd05d623a1",
              "isHook": false,
              "skipped": false
            },
            {
              "title": "Deve cadastrar Endereço  de Entrega",
              "fullTitle": "Cadastrar Endereços de Faturamento e Entrega Deve cadastrar Endereço  de Entrega",
              "timedOut": null,
              "duration": 12326,
              "state": "passed",
              "speed": "slow",
              "pass": true,
              "fail": false,
              "pending": false,
              "context": null,
              "code": "cy.get(':nth-child(3) > [href=\"http://lojaebac.ebaconline.art.br/minha-conta/edit-address/\"]').click();\ncy.get('h2').should('contain', 'My Addresses');\ncy.get(':nth-child(2) > .title > h3').should('contain', 'Shipping Address');\ncy.get(':nth-child(2) > .title > .edit').should('exist').click();\ncy.get('#shipping_first_name').clear().type(faker.name.firstName());\ncy.get('#shipping_last_name').clear().type(faker.name.lastName());\ncy.get('#shipping_company').clear().type(faker.company.companyName());\ncy.get('#shipping_country_field > .woocommerce-input-wrapper > .select2 > .selection > .select2-selection > .select2-selection__arrow > b').click();\ncy.get('.select2-results__option').contains('Brasil').click();\ncy.get('#shipping_city').type(faker.address.city());\ncy.get('#shipping_state_field > .woocommerce-input-wrapper > .select2 > .selection > .select2-selection > .select2-selection__arrow').click();\ncy.get('.select2-search__field').type('São Paulo');\ncy.get('.select2-results__option').contains('São Paulo').click();\ncy.get('#shipping_address_1').clear().type(faker.address.streetName());\ncy.get('#shipping_address_2').clear().type(faker.random.number());\ncy.get('#shipping_postcode').clear().type(faker.address.zipCodeValid());\ncy.get('button[name=\"save_address\"]').should('have.attr', 'value', 'Salvar endereços').click();\ncy.get('.woocommerce-message').should('contain', 'Endereço alterado com sucesso');",
              "err": {},
              "uuid": "32cfd0d5-8c17-474a-a43a-b502395b8055",
              "parentUUID": "35d37c4c-44dc-488d-8089-f2bd05d623a1",
              "isHook": false,
              "skipped": false
            }
          ],
          "suites": [],
          "passes": [
            "0368dd8b-7cdc-4e3f-b70e-f74e4ab0e947",
            "32cfd0d5-8c17-474a-a43a-b502395b8055"
          ],
          "failures": [],
          "pending": [],
          "skipped": [],
          "duration": 27397,
          "root": false,
          "rootEmpty": false,
          "_timeout": 2000
        }
      ],
      "passes": [],
      "failures": [],
      "pending": [],
      "skipped": [],
      "duration": 0,
      "root": true,
      "rootEmpty": true,
      "_timeout": 2000
    },
    {
      "uuid": "f491fa49-fc45-4bfa-ad9a-23b20ab2b44c",
      "title": "",
      "fullFile": "cypress\\e2e\\[US-0002] – Login na plataforma .cy.js",
      "file": "cypress\\e2e\\[US-0002] – Login na plataforma .cy.js",
      "beforeHooks": [],
      "afterHooks": [],
      "tests": [],
      "suites": [
        {
          "uuid": "8b98c976-6d0b-4f59-8ef7-7751ce5bea87",
          "title": "Funcionalidade Login",
          "fullFile": "",
          "file": "",
          "beforeHooks": [],
          "afterHooks": [],
          "tests": [
            {
              "title": "Login com sucesso",
              "fullTitle": "Funcionalidade Login Login com sucesso",
              "timedOut": null,
              "duration": 7222,
              "state": "passed",
              "speed": "medium",
              "pass": true,
              "fail": false,
              "pending": false,
              "context": null,
              "code": "cy.fixture('perfil').then(dados => {\n  cy.login(dados.username, dados.password);\n});\ncy.get('.page-title').should('contain', 'Minha conta');\ncy.get('.woocommerce-MyAccount-content > :nth-child(2)').should('contain', ' gabsqa-1779');",
              "err": {},
              "uuid": "ce607ea2-c65a-4f86-aa6b-a537e55feac1",
              "parentUUID": "8b98c976-6d0b-4f59-8ef7-7751ce5bea87",
              "isHook": false,
              "skipped": false
            },
            {
              "title": "Login inválido - sem preencher E-mail",
              "fullTitle": "Funcionalidade Login Login inválido - sem preencher E-mail",
              "timedOut": null,
              "duration": 2575,
              "state": "passed",
              "speed": "fast",
              "pass": true,
              "fail": false,
              "pending": false,
              "context": null,
              "code": "cy.get('#password').type('223233');\ncy.get('.woocommerce-form > .button').click();\ncy.get('.woocommerce-error > li').should('contain', 'Erro: Nome de usuário é obrigatório.');",
              "err": {},
              "uuid": "e8c08162-9c9d-4d49-88a4-cdc53481400f",
              "parentUUID": "8b98c976-6d0b-4f59-8ef7-7751ce5bea87",
              "isHook": false,
              "skipped": false
            },
            {
              "title": "Login inválido - com email não cadastrado",
              "fullTitle": "Funcionalidade Login Login inválido - com email não cadastrado",
              "timedOut": null,
              "duration": 3325,
              "state": "passed",
              "speed": "fast",
              "pass": true,
              "fail": false,
              "pending": false,
              "context": null,
              "code": "cy.fixture('perfil').then(dados => {\n  cy.login(dados.username3, dados.password);\n});\ncy.get('.page-title').should('contain', 'Minha conta');\ncy.get('.woocommerce-error > li').should('contain', 'Endereço de e-mail desconhecido. Verifique novamente ou tente seu nome de usuário.');",
              "err": {},
              "uuid": "d7897a21-4bc3-4659-8b36-caa379b22445",
              "parentUUID": "8b98c976-6d0b-4f59-8ef7-7751ce5bea87",
              "isHook": false,
              "skipped": false
            },
            {
              "title": "Login inválido - sem preencher senha",
              "fullTitle": "Funcionalidade Login Login inválido - sem preencher senha",
              "timedOut": null,
              "duration": 3215,
              "state": "passed",
              "speed": "fast",
              "pass": true,
              "fail": false,
              "pending": false,
              "context": null,
              "code": "cy.fixture('perfil').then(dados => {\n  cy.login(dados.username, ' ');\n});\ncy.get('.page-title').should('contain', 'Minha conta');\ncy.get('.woocommerce-error > li').should('contain', 'Erro: o campo da senha está vazio.');",
              "err": {},
              "uuid": "949fba7b-cae7-4244-9ed3-90162c1c5607",
              "parentUUID": "8b98c976-6d0b-4f59-8ef7-7751ce5bea87",
              "isHook": false,
              "skipped": false
            }
          ],
          "suites": [],
          "passes": [
            "ce607ea2-c65a-4f86-aa6b-a537e55feac1",
            "e8c08162-9c9d-4d49-88a4-cdc53481400f",
            "d7897a21-4bc3-4659-8b36-caa379b22445",
            "949fba7b-cae7-4244-9ed3-90162c1c5607"
          ],
          "failures": [],
          "pending": [],
          "skipped": [],
          "duration": 16337,
          "root": false,
          "rootEmpty": false,
          "_timeout": 2000
        }
      ],
      "passes": [],
      "failures": [],
      "pending": [],
      "skipped": [],
      "duration": 0,
      "root": true,
      "rootEmpty": true,
      "_timeout": 2000
    },
    {
      "uuid": "785918b5-c317-4b90-bd3d-2720a132d3b9",
      "title": "",
      "fullFile": "cypress\\e2e\\[US-0004] - Login Validar Campos.cy.js",
      "file": "cypress\\e2e\\[US-0004] - Login Validar Campos.cy.js",
      "beforeHooks": [],
      "afterHooks": [],
      "tests": [],
      "suites": [
        {
          "uuid": "5d9e5de7-cbb7-4421-8a7f-784cbe1f23ec",
          "title": "Funcionalidade Login",
          "fullFile": "",
          "file": "",
          "beforeHooks": [],
          "afterHooks": [],
          "tests": [
            {
              "title": "Login com sucesso",
              "fullTitle": "Funcionalidade Login Login com sucesso",
              "timedOut": null,
              "duration": 6071,
              "state": "passed",
              "speed": "medium",
              "pass": true,
              "fail": false,
              "pending": false,
              "context": null,
              "code": "cy.fixture('perfil').then(dados => {\n  cy.login(dados.username, dados.password);\n});\ncy.get('.page-title').should('contain', 'Minha conta');\ncy.get('.woocommerce-MyAccount-content > :nth-child(2)').should('contain', ' gabsqa-1779');",
              "err": {},
              "uuid": "3462ebcd-3457-443a-acd6-2c6c55ff280a",
              "parentUUID": "5d9e5de7-cbb7-4421-8a7f-784cbe1f23ec",
              "isHook": false,
              "skipped": false
            },
            {
              "title": "Login inválido - sem preencher E-mail",
              "fullTitle": "Funcionalidade Login Login inválido - sem preencher E-mail",
              "timedOut": null,
              "duration": 2239,
              "state": "passed",
              "speed": "fast",
              "pass": true,
              "fail": false,
              "pending": false,
              "context": null,
              "code": "cy.get('#password').type('223233');\ncy.get('.woocommerce-form > .button').click();\ncy.get('.woocommerce-error > li').should('contain', 'Erro: Nome de usuário é obrigatório.');",
              "err": {},
              "uuid": "9f8203d8-f56b-47b9-a603-17116b0688d2",
              "parentUUID": "5d9e5de7-cbb7-4421-8a7f-784cbe1f23ec",
              "isHook": false,
              "skipped": false
            },
            {
              "title": "Login inválido - com email não cadastrado",
              "fullTitle": "Funcionalidade Login Login inválido - com email não cadastrado",
              "timedOut": null,
              "duration": 2790,
              "state": "passed",
              "speed": "fast",
              "pass": true,
              "fail": false,
              "pending": false,
              "context": null,
              "code": "cy.fixture('perfil').then(dados => {\n  cy.login(dados.username3, dados.password);\n});\ncy.get('.page-title').should('contain', 'Minha conta');\ncy.get('.woocommerce-error > li').should('contain', 'Endereço de e-mail desconhecido. Verifique novamente ou tente seu nome de usuário.');",
              "err": {},
              "uuid": "841d8981-6dfc-4946-87f3-498781d2d152",
              "parentUUID": "5d9e5de7-cbb7-4421-8a7f-784cbe1f23ec",
              "isHook": false,
              "skipped": false
            },
            {
              "title": "Login inválido - sem preencher senha",
              "fullTitle": "Funcionalidade Login Login inválido - sem preencher senha",
              "timedOut": null,
              "duration": 2521,
              "state": "passed",
              "speed": "fast",
              "pass": true,
              "fail": false,
              "pending": false,
              "context": null,
              "code": "cy.fixture('perfil').then(dados => {\n  cy.login(dados.username, ' ');\n});\ncy.get('.page-title').should('contain', 'Minha conta');\ncy.get('.woocommerce-error > li').should('contain', 'Erro: o campo da senha está vazio.');",
              "err": {},
              "uuid": "a478f264-b8d6-4087-8163-f95de5edcea5",
              "parentUUID": "5d9e5de7-cbb7-4421-8a7f-784cbe1f23ec",
              "isHook": false,
              "skipped": false
            }
          ],
          "suites": [],
          "passes": [
            "3462ebcd-3457-443a-acd6-2c6c55ff280a",
            "9f8203d8-f56b-47b9-a603-17116b0688d2",
            "841d8981-6dfc-4946-87f3-498781d2d152",
            "a478f264-b8d6-4087-8163-f95de5edcea5"
          ],
          "failures": [],
          "pending": [],
          "skipped": [],
          "duration": 13621,
          "root": false,
          "rootEmpty": false,
          "_timeout": 2000
        }
      ],
      "passes": [],
      "failures": [],
      "pending": [],
      "skipped": [],
      "duration": 0,
      "root": true,
      "rootEmpty": true,
      "_timeout": 2000
    },
    {
      "uuid": "e4c18eae-d290-4b6c-b36f-b20cb7d35940",
      "title": "",
      "fullFile": "cypress\\e2e\\[US-0005] - Pre-cadastro.cy.js",
      "file": "cypress\\e2e\\[US-0005] - Pre-cadastro.cy.js",
      "beforeHooks": [],
      "afterHooks": [],
      "tests": [],
      "suites": [
        {
          "uuid": "cfc41d69-95ba-4401-a700-5abcac22b8fa",
          "title": "Funcionalidade Pré- Cadastro",
          "fullFile": "",
          "file": "",
          "beforeHooks": [],
          "afterHooks": [],
          "tests": [
            {
              "title": "Deve completar o pré-cadastro com sucesso com comandos customizados",
              "fullTitle": "Funcionalidade Pré- Cadastro Deve completar o pré-cadastro com sucesso com comandos customizados",
              "timedOut": null,
              "duration": 11022,
              "state": "passed",
              "speed": "slow",
              "pass": true,
              "fail": false,
              "pending": false,
              "context": null,
              "code": "let emailFaker3 = faker.internet.email();\ncy.preCadastro(emailFaker3, faker.internet.password(), faker.name.firstName(), faker.name.lastName());\ncy.get('.woocommerce-message').should('contain', 'Detalhes da conta modificados com sucesso.');",
              "err": {},
              "uuid": "1365f0d6-4410-48f9-9727-a2dfc33c547a",
              "parentUUID": "cfc41d69-95ba-4401-a700-5abcac22b8fa",
              "isHook": false,
              "skipped": false
            }
          ],
          "suites": [],
          "passes": [
            "1365f0d6-4410-48f9-9727-a2dfc33c547a"
          ],
          "failures": [],
          "pending": [],
          "skipped": [],
          "duration": 11022,
          "root": false,
          "rootEmpty": false,
          "_timeout": 2000
        }
      ],
      "passes": [],
      "failures": [],
      "pending": [],
      "skipped": [],
      "duration": 0,
      "root": true,
      "rootEmpty": true,
      "_timeout": 2000
    },
    {
      "uuid": "f0136126-3ca3-4143-98d8-77281898174e",
      "title": "",
      "fullFile": "cypress\\e2e\\[US-0006] - Endereço Faturamento e Entrega.cy.js",
      "file": "cypress\\e2e\\[US-0006] - Endereço Faturamento e Entrega.cy.js",
      "beforeHooks": [],
      "afterHooks": [],
      "tests": [],
      "suites": [
        {
          "uuid": "16d8288c-67f3-4124-b508-a9c49ce86459",
          "title": "Cadastrar Endereços de Faturamento e Entrega",
          "fullFile": "",
          "file": "",
          "beforeHooks": [],
          "afterHooks": [],
          "tests": [
            {
              "title": "Deve cadastrar Endereço de Faturamento",
              "fullTitle": "Cadastrar Endereços de Faturamento e Entrega Deve cadastrar Endereço de Faturamento",
              "timedOut": null,
              "duration": 14478,
              "state": "passed",
              "speed": "slow",
              "pass": true,
              "fail": false,
              "pending": false,
              "context": null,
              "code": "cy.get(':nth-child(3) > [href=\"http://lojaebac.ebaconline.art.br/minha-conta/edit-address/\"]').click();\ncy.get('h2').should('contain', 'My Addresses');\ncy.get('.myaccount_address').should('contain', 'The following addresses will be used on the checkout page by default.');\ncy.get(':nth-child(1) > .title > h3').should('contain', 'Billing Address');\ncy.get(':nth-child(1) > .title > .edit').should('exist').click();\ncy.get('#billing_first_name').clear().type(faker.name.firstName());\ncy.get('#billing_last_name').clear().type(faker.name.lastName());\ncy.get('#billing_company').clear().type(faker.company.companyName());\ncy.get('#billing_address_1').clear().type(faker.address.streetName());\ncy.get('#billing_address_2').clear().type(faker.random.number());\ncy.get('#billing_city').clear().type(faker.address.city());\ncy.get('#billing_postcode').clear().type(faker.address.zipCodeValid());\ncy.get('#billing_phone').clear().type(faker.phone.phoneNumber());\ncy.get('button[name=\"save_address\"]').should('have.attr', 'value', 'Salvar endereços').click();\ncy.get('.woocommerce-message').should('contain', 'Endereço alterado com sucesso');",
              "err": {},
              "uuid": "cffb967a-fc05-48a9-b1c6-70402ab45cd5",
              "parentUUID": "16d8288c-67f3-4124-b508-a9c49ce86459",
              "isHook": false,
              "skipped": false
            },
            {
              "title": "Deve cadastrar Endereço  de Entrega",
              "fullTitle": "Cadastrar Endereços de Faturamento e Entrega Deve cadastrar Endereço  de Entrega",
              "timedOut": null,
              "duration": 14536,
              "state": "passed",
              "speed": "slow",
              "pass": true,
              "fail": false,
              "pending": false,
              "context": null,
              "code": "cy.get(':nth-child(3) > [href=\"http://lojaebac.ebaconline.art.br/minha-conta/edit-address/\"]').click();\ncy.get('h2').should('contain', 'My Addresses');\ncy.get(':nth-child(2) > .title > h3').should('contain', 'Shipping Address');\ncy.get(':nth-child(2) > .title > .edit').should('exist').click();\ncy.get('#shipping_first_name').clear().type(faker.name.firstName());\ncy.get('#shipping_last_name').clear().type(faker.name.lastName());\ncy.get('#shipping_company').clear().type(faker.company.companyName());\ncy.get('#shipping_country_field > .woocommerce-input-wrapper > .select2 > .selection > .select2-selection > .select2-selection__arrow > b').click();\ncy.get('.select2-results__option').contains('Brasil').click();\ncy.get('#shipping_city').type(faker.address.city());\ncy.get('#shipping_state_field > .woocommerce-input-wrapper > .select2 > .selection > .select2-selection > .select2-selection__arrow').click();\ncy.get('.select2-search__field').type('São Paulo');\ncy.get('.select2-results__option').contains('São Paulo').click();\ncy.get('#shipping_address_1').clear().type(faker.address.streetName());\ncy.get('#shipping_address_2').clear().type(faker.random.number());\ncy.get('#shipping_postcode').clear().type(faker.address.zipCodeValid());\ncy.get('button[name=\"save_address\"]').should('have.attr', 'value', 'Salvar endereços').click();\ncy.get('.woocommerce-message').should('contain', 'Endereço alterado com sucesso');",
              "err": {},
              "uuid": "57678de3-6d75-4741-b87b-8e758ecac174",
              "parentUUID": "16d8288c-67f3-4124-b508-a9c49ce86459",
              "isHook": false,
              "skipped": false
            }
          ],
          "suites": [],
          "passes": [
            "cffb967a-fc05-48a9-b1c6-70402ab45cd5",
            "57678de3-6d75-4741-b87b-8e758ecac174"
          ],
          "failures": [],
          "pending": [],
          "skipped": [],
          "duration": 29014,
          "root": false,
          "rootEmpty": false,
          "_timeout": 2000
        }
      ],
      "passes": [],
      "failures": [],
      "pending": [],
      "skipped": [],
      "duration": 0,
      "root": true,
      "rootEmpty": true,
      "_timeout": 2000
    },
    {
      "uuid": "55f8f828-5500-4557-8ff6-6fbeba8d2a47",
      "title": "",
      "fullFile": "cypress\\e2e\\[US-0001] – Adicionar item ao carrinho.cy.js",
      "file": "cypress\\e2e\\[US-0001] – Adicionar item ao carrinho.cy.js",
      "beforeHooks": [],
      "afterHooks": [],
      "tests": [],
      "suites": [
        {
          "uuid": "5473eaba-f4e6-4f08-9aad-dd98e0824e57",
          "title": "Comprar Produtos",
          "fullFile": "",
          "file": "",
          "beforeHooks": [],
          "afterHooks": [],
          "tests": [
            {
              "title": "Login com sucesso",
              "fullTitle": "Comprar Produtos Login com sucesso",
              "timedOut": null,
              "duration": 46853,
              "state": "failed",
              "speed": null,
              "pass": false,
              "fail": true,
              "pending": false,
              "context": null,
              "code": "cy.fixture('perfil').then(dados => {\n  cy.login(dados.username, dados.password);\n});\ncy.get('.page-title').should('contain', 'Minha conta');\ncy.get('#primary-menu > .menu-item-629 > a').click();\n//cy.addProdutos('Abominable Hoodie', '36', 'Blue', 1)\ncy.addProdutos('Abominable Hoodie', 'L', 'Blue', 2);\ncy.addProdutos('Abominable Hoodie', 'XS', 'Blue', 2);\ncy.addProdutos('Abominable Hoodie', 'M', 'Green', 2);\ncy.get('.dropdown-toggle > .text-skin > .icon-basket').click();\ncy.get('[class=\"button checkout wc-forward\"]').eq(1).click();\ncy.get('#payment_method_cheque').click();\ncy.get('.showcoupon').click();\ncy.get('#coupon_code').type(\"PalmeirasVerdesd\");\ncy.get('.form-row-last > .button').click();\ncy.get('woocommerce-message').should('contain', 'Código de cupom aplicado com sucesso.');\ncy.get('#order_comments').type('Preciso receber embrulhado para presente');\ncy.get('#terms').click({\n  force: true\n});\ncy.get('#place_order').click({\n  force: true\n});\ncy.get('.woocommerce-notice').should('contain', 'Obrigado. Seu pedido foi recebido.');\ncy.get('.woocommerce-order-details__title').should('contain', 'Detalhes do pedido');",
              "err": {
                "message": "AssertionError: Timed out retrying after 4000ms: Expected to find element: `woocommerce-message`, but never found it.",
                "estack": "AssertionError: Timed out retrying after 4000ms: Expected to find element: `woocommerce-message`, but never found it.\n    at Context.eval (webpack:///./cypress/e2e/[US-0001] – Adicionar item ao carrinho.cy.js:37:34)",
                "diff": null
              },
              "uuid": "5630d6ee-943d-4cef-9736-9821e79828e0",
              "parentUUID": "5473eaba-f4e6-4f08-9aad-dd98e0824e57",
              "isHook": false,
              "skipped": false
            }
          ],
          "suites": [],
          "passes": [],
          "failures": [
            "5630d6ee-943d-4cef-9736-9821e79828e0"
          ],
          "pending": [],
          "skipped": [],
          "duration": 46853,
          "root": false,
          "rootEmpty": false,
          "_timeout": 2000
        }
      ],
      "passes": [],
      "failures": [],
      "pending": [],
      "skipped": [],
      "duration": 0,
      "root": true,
      "rootEmpty": true,
      "_timeout": 2000
    }
  ],
  "meta": {
    "mocha": {
      "version": "7.0.1"
    },
    "mochawesome": {
      "options": {
        "quiet": false,
        "reportFilename": "mochawesome",
        "saveHtml": true,
        "saveJson": true,
        "consoleReporter": "spec",
        "useInlineDiffs": false,
        "code": true
      },
      "version": "7.1.3"
    },
    "marge": {
      "options": {
        "reportDir": "cypress/results",
        "overwrite": false,
        "html": true,
        "json": true
      },
      "version": "6.2.0"
    }
  }
}