{
  "stats": {
    "suites": 2,
    "tests": 2,
    "passes": 0,
    "pending": 0,
    "failures": 2,
    "start": "2023-04-12T23:36:36.649Z",
    "end": "2023-04-12T23:36:37.342Z",
    "duration": 693,
    "testsRegistered": 2,
    "passPercent": 0,
    "pendingPercent": 0,
    "other": 0,
    "hasOther": false,
    "skipped": 0,
    "hasSkipped": false
  },
  "results": [
    {
      "uuid": "98765c0c-f971-4177-85e1-bf1ef8c8b2e4",
      "title": "",
      "fullFile": "cypress\\e2e\\API_cupons.cy.js",
      "file": "cypress\\e2e\\API_cupons.cy.js",
      "beforeHooks": [],
      "afterHooks": [],
      "tests": [],
      "suites": [
        {
          "uuid": "5f56e8d1-32d3-41fa-b1be-668eadfd73fa",
          "title": "API de cupons",
          "fullFile": "",
          "file": "",
          "beforeHooks": [],
          "afterHooks": [],
          "tests": [],
          "suites": [
            {
              "uuid": "890ce66a-0789-4aea-80c7-c04655544a7b",
              "title": "Testando os métodos da API de cupons",
              "fullFile": "",
              "file": "",
              "beforeHooks": [],
              "afterHooks": [],
              "tests": [
                {
                  "title": "Realizando um GET de cupons",
                  "fullTitle": "API de cupons Testando os métodos da API de cupons Realizando um GET de cupons",
                  "timedOut": null,
                  "duration": 299,
                  "state": "failed",
                  "speed": null,
                  "pass": false,
                  "fail": true,
                  "pending": false,
                  "context": null,
                  "code": "cy.request({\n  method: 'GET',\n  url: 'http://lojaebac.ebaconline.art.br/wp-json/wc/v3/coupons',\n  headers: {\n    authorization: apiToken.authorization\n  }\n}).then(response => {\n  expect(response.status).to.equal(200);\n});",
                  "err": {
                    "message": "TypeError: Cannot read properties of undefined (reading 'authorization')",
                    "estack": "TypeError: Cannot read properties of undefined (reading 'authorization')\n    at Context.eval (webpack:///./cypress/e2e/API_cupons.cy.js:12:49)",
                    "diff": null
                  },
                  "uuid": "b366db9a-86d8-4626-8158-f523f5cd4c68",
                  "parentUUID": "890ce66a-0789-4aea-80c7-c04655544a7b",
                  "isHook": false,
                  "skipped": false
                },
                {
                  "title": "Realizando POST de cupom já existente",
                  "fullTitle": "API de cupons Testando os métodos da API de cupons Realizando POST de cupom já existente",
                  "timedOut": null,
                  "duration": 328,
                  "state": "failed",
                  "speed": null,
                  "pass": false,
                  "fail": true,
                  "pending": false,
                  "context": null,
                  "code": "cy.request({\n  method: 'POST',\n  url: 'http://lojaebac.ebaconline.art.br/wp-json/wc/v3/coupons',\n  headers: {\n    authorization: apiToken.authorization\n  },\n  body: {\n    \"code\": \"nomeCupom\",\n    \"amount\": \"10\",\n    \"discount_type\": \"fixed_product\",\n    \"description\": \"Cupom de desconto de teste\"\n  },\n  failOnStatusCode: false\n}).then(response => {\n  expect(response.body.data.status).to.equal(400);\n  expect(response.body.message).to.equal('O código de cupom já existe');\n});",
                  "err": {
                    "message": "TypeError: Cannot read properties of undefined (reading 'authorization')",
                    "estack": "TypeError: Cannot read properties of undefined (reading 'authorization')\n    at Context.eval (webpack:///./cypress/e2e/API_cupons.cy.js:22:49)",
                    "diff": null
                  },
                  "uuid": "4e505e54-b3a1-440c-b76f-1bbb22fc1cab",
                  "parentUUID": "890ce66a-0789-4aea-80c7-c04655544a7b",
                  "isHook": false,
                  "skipped": false
                }
              ],
              "suites": [],
              "passes": [],
              "failures": [
                "b366db9a-86d8-4626-8158-f523f5cd4c68",
                "4e505e54-b3a1-440c-b76f-1bbb22fc1cab"
              ],
              "pending": [],
              "skipped": [],
              "duration": 627,
              "root": false,
              "rootEmpty": false,
              "_timeout": 2000
            }
          ],
          "passes": [],
          "failures": [],
          "pending": [],
          "skipped": [],
          "duration": 0,
          "root": false,
          "rootEmpty": false,
          "_timeout": 2000
        }
      ],
      "passes": [],
      "failures": [],
      "pending": [],
      "skipped": [],
      "duration": 0,
      "root": true,
      "rootEmpty": true,
      "_timeout": 2000
    }
  ],
  "meta": {
    "mocha": {
      "version": "7.0.1"
    },
    "mochawesome": {
      "options": {
        "quiet": false,
        "reportFilename": "mochawesome",
        "saveHtml": true,
        "saveJson": true,
        "consoleReporter": "spec",
        "useInlineDiffs": false,
        "code": true
      },
      "version": "7.1.3"
    },
    "marge": {
      "options": {
        "reportDir": "cypress/results",
        "overwrite": false,
        "html": true,
        "json": true
      },
      "version": "6.2.0"
    }
  }
}