{
  "stats": {
    "suites": 1,
    "tests": 1,
    "passes": 0,
    "pending": 0,
    "failures": 1,
    "start": "2023-04-13T00:21:37.909Z",
    "end": "2023-04-13T00:21:38.271Z",
    "duration": 362,
    "testsRegistered": 1,
    "passPercent": 0,
    "pendingPercent": 0,
    "other": 0,
    "hasOther": false,
    "skipped": 0,
    "hasSkipped": false
  },
  "results": [
    {
      "uuid": "ed09154e-3386-496d-94ac-40069bb9c467",
      "title": "",
      "fullFile": "cypress\\e2e\\Contrato_cupons.cy.js",
      "file": "cypress\\e2e\\Contrato_cupons.cy.js",
      "beforeHooks": [],
      "afterHooks": [],
      "tests": [],
      "suites": [
        {
          "uuid": "04f7b0ab-9bd2-4163-a830-ed84c7ba9e9c",
          "title": "Teste de contrato de cupons",
          "fullFile": "",
          "file": "",
          "beforeHooks": [],
          "afterHooks": [],
          "tests": [
            {
              "title": "Validar contrato de cupons",
              "fullTitle": "Teste de contrato de cupons Validar contrato de cupons",
              "timedOut": null,
              "duration": 301,
              "state": "failed",
              "speed": null,
              "pass": false,
              "fail": true,
              "pending": false,
              "context": null,
              "code": "cy.request({\n  method: 'GET',\n  url: 'http://lojaebac.ebaconline.art.br/wp-json/wc/v3/coupons',\n  headers: {\n    authorization: apiToken.authorization\n  }\n}).then(response => {\n  return _cupons.default.validateAsync(response.body);\n});",
              "err": {
                "message": "TypeError: Cannot read properties of undefined (reading 'authorization')",
                "estack": "TypeError: Cannot read properties of undefined (reading 'authorization')\n    at Context.eval (webpack:///./cypress/e2e/Contrato_cupons.cy.js:9:47)",
                "diff": null
              },
              "uuid": "fbd10c5b-7ef9-4894-8acb-997133567560",
              "parentUUID": "04f7b0ab-9bd2-4163-a830-ed84c7ba9e9c",
              "isHook": false,
              "skipped": false
            }
          ],
          "suites": [],
          "passes": [],
          "failures": [
            "fbd10c5b-7ef9-4894-8acb-997133567560"
          ],
          "pending": [],
          "skipped": [],
          "duration": 301,
          "root": false,
          "rootEmpty": false,
          "_timeout": 2000
        }
      ],
      "passes": [],
      "failures": [],
      "pending": [],
      "skipped": [],
      "duration": 0,
      "root": true,
      "rootEmpty": true,
      "_timeout": 2000
    }
  ],
  "meta": {
    "mocha": {
      "version": "7.0.1"
    },
    "mochawesome": {
      "options": {
        "quiet": false,
        "reportFilename": "mochawesome",
        "saveHtml": true,
        "saveJson": true,
        "consoleReporter": "spec",
        "useInlineDiffs": false,
        "code": true
      },
      "version": "7.1.3"
    },
    "marge": {
      "options": {
        "reportDir": "cypress/results",
        "overwrite": false,
        "html": true,
        "json": true
      },
      "version": "6.2.0"
    }
  }
}