{
  "stats": {
    "suites": 1,
    "tests": 1,
    "passes": 0,
    "pending": 0,
    "failures": 1,
    "start": "2023-04-13T00:18:57.938Z",
    "end": "2023-04-13T00:18:58.989Z",
    "duration": 1051,
    "testsRegistered": 1,
    "passPercent": 0,
    "pendingPercent": 0,
    "other": 0,
    "hasOther": false,
    "skipped": 0,
    "hasSkipped": false
  },
  "results": [
    {
      "uuid": "33596818-653d-4dd8-9b3e-422ac33e42b6",
      "title": "",
      "fullFile": "cypress\\e2e\\API_cupons.cy.js",
      "file": "cypress\\e2e\\API_cupons.cy.js",
      "beforeHooks": [],
      "afterHooks": [],
      "tests": [],
      "suites": [
        {
          "uuid": "f66df4ab-a7ae-4d08-a205-a510ea6c931e",
          "title": "Teste de API para criação de cupom",
          "fullFile": "",
          "file": "",
          "beforeHooks": [],
          "afterHooks": [],
          "tests": [
            {
              "title": "Cria um novo cupom com sucesso",
              "fullTitle": "Teste de API para criação de cupom Cria um novo cupom com sucesso",
              "timedOut": null,
              "duration": 969,
              "state": "failed",
              "speed": null,
              "pass": false,
              "fail": true,
              "pending": false,
              "context": null,
              "code": "cy.request({\n  method: 'POST',\n  url: 'http://lojaebac.ebaconline.art.br/wp-json/wc/v3/coupons',\n  auth: {\n    user: 'admin_ebac',\n    pass: '@admin!&b@c!2022',\n    sendImmediately: true\n  },\n  headers: {\n    'Authorization': 'Basic YWRtaW5fZWJhYzpAYWRtaW4hJmJAYyEyMDIy',\n    'Content-Type': 'application/json'\n  },\n  body: {\n    \"code\": \"PalmeirasVerdesd\",\n    \"amount\": \"10\",\n    \"discount_type\": \"fixed_product\",\n    \"description\": \"Cupom de desconto de teste\"\n  }\n}).then(response => {\n  expect(response.body.data.status).to.equal(400);\n  expect(response.body.message).to.equal('O código de cupom já existe');\n});",
              "err": {
                "message": "CypressError: `cy.request()` failed on:\n\nhttp://lojaebac.ebaconline.art.br/wp-json/wc/v3/coupons\n\nThe response we received from your web server was:\n\n  > 400: Bad Request\n\nThis was considered a failure because the status code was not `2xx` or `3xx`.\n\nIf you do not want status codes to cause failures pass the option: `failOnStatusCode: false`\n\n-----------------------------------------------------------\n\nThe request we sent was:\n\nMethod: POST\nURL: http://lojaebac.ebaconline.art.br/wp-json/wc/v3/coupons\nHeaders: {\n  \"Connection\": \"keep-alive\",\n  \"Authorization\": \"Basic YWRtaW5fZWJhYzpAYWRtaW4hJmJAYyEyMDIy\",\n  \"Content-Type\": \"application/json\",\n  \"user-agent\": \"Mozilla/5.0 (Windows NT 10.0; Win64; x64) AppleWebKit/537.36 (KHTML, like Gecko) Cypress/12.9.0 Chrome/106.0.5249.51 Electron/21.0.0 Safari/537.36\",\n  \"accept\": \"*/*\",\n  \"accept-encoding\": \"gzip, deflate\",\n  \"content-length\": 116\n}\nBody: {\"code\":\"PalmeirasVerdesd\",\"amount\":\"10\",\"discount_type\":\"fixed_product\",\"description\":\"Cupom de desconto de teste\"}\n\n-----------------------------------------------------------\n\nThe response we got was:\n\nStatus: 400 - Bad Request\nHeaders: {\n  \"date\": \"Thu, 13 Apr 2023 00:18:57 GMT\",\n  \"server\": \"Apache/2.4.38 (Debian)\",\n  \"x-powered-by\": \"PHP/7.4.19\",\n  \"x-robots-tag\": \"noindex\",\n  \"link\": \"<http://lojaebac.ebaconline.art.br/wp-json/>; rel=\\\"https://api.w.org/\\\"\",\n  \"x-content-type-options\": \"nosniff\",\n  \"access-control-expose-headers\": \"X-WP-Total, X-WP-TotalPages, Link\",\n  \"access-control-allow-headers\": \"Authorization, X-WP-Nonce, Content-Disposition, Content-MD5, Content-Type\",\n  \"expires\": \"Wed, 11 Jan 1984 05:00:00 GMT\",\n  \"cache-control\": \"no-cache, must-revalidate, max-age=0\",\n  \"allow\": \"GET, POST\",\n  \"content-length\": \"126\",\n  \"connection\": \"close\",\n  \"content-type\": \"application/json; charset=UTF-8\"\n}\nBody: {\n  \"code\": \"woocommerce_rest_coupon_code_already_exists\",\n  \"message\": \"O código de cupom já existe\",\n  \"data\": {\n    \"status\": 400\n  }\n}\n\n\nhttps://on.cypress.io/request",
                "estack": "CypressError: `cy.request()` failed on:\n\nhttp://lojaebac.ebaconline.art.br/wp-json/wc/v3/coupons\n\nThe response we received from your web server was:\n\n  > 400: Bad Request\n\nThis was considered a failure because the status code was not `2xx` or `3xx`.\n\nIf you do not want status codes to cause failures pass the option: `failOnStatusCode: false`\n\n-----------------------------------------------------------\n\nThe request we sent was:\n\nMethod: POST\nURL: http://lojaebac.ebaconline.art.br/wp-json/wc/v3/coupons\nHeaders: {\n  \"Connection\": \"keep-alive\",\n  \"Authorization\": \"Basic YWRtaW5fZWJhYzpAYWRtaW4hJmJAYyEyMDIy\",\n  \"Content-Type\": \"application/json\",\n  \"user-agent\": \"Mozilla/5.0 (Windows NT 10.0; Win64; x64) AppleWebKit/537.36 (KHTML, like Gecko) Cypress/12.9.0 Chrome/106.0.5249.51 Electron/21.0.0 Safari/537.36\",\n  \"accept\": \"*/*\",\n  \"accept-encoding\": \"gzip, deflate\",\n  \"content-length\": 116\n}\nBody: {\"code\":\"PalmeirasVerdesd\",\"amount\":\"10\",\"discount_type\":\"fixed_product\",\"description\":\"Cupom de desconto de teste\"}\n\n-----------------------------------------------------------\n\nThe response we got was:\n\nStatus: 400 - Bad Request\nHeaders: {\n  \"date\": \"Thu, 13 Apr 2023 00:18:57 GMT\",\n  \"server\": \"Apache/2.4.38 (Debian)\",\n  \"x-powered-by\": \"PHP/7.4.19\",\n  \"x-robots-tag\": \"noindex\",\n  \"link\": \"<http://lojaebac.ebaconline.art.br/wp-json/>; rel=\\\"https://api.w.org/\\\"\",\n  \"x-content-type-options\": \"nosniff\",\n  \"access-control-expose-headers\": \"X-WP-Total, X-WP-TotalPages, Link\",\n  \"access-control-allow-headers\": \"Authorization, X-WP-Nonce, Content-Disposition, Content-MD5, Content-Type\",\n  \"expires\": \"Wed, 11 Jan 1984 05:00:00 GMT\",\n  \"cache-control\": \"no-cache, must-revalidate, max-age=0\",\n  \"allow\": \"GET, POST\",\n  \"content-length\": \"126\",\n  \"connection\": \"close\",\n  \"content-type\": \"application/json; charset=UTF-8\"\n}\nBody: {\n  \"code\": \"woocommerce_rest_coupon_code_already_exists\",\n  \"message\": \"O código de cupom já existe\",\n  \"data\": {\n    \"status\": 400\n  }\n}\n\n\nhttps://on.cypress.io/request\n    at <unknown> (http://localhost:61876/__cypress/runner/cypress_runner.js:139729:80)\n    at tryCatcher (http://localhost:61876/__cypress/runner/cypress_runner.js:8914:23)\n    at Promise._settlePromiseFromHandler (http://localhost:61876/__cypress/runner/cypress_runner.js:6849:31)\n    at Promise._settlePromise (http://localhost:61876/__cypress/runner/cypress_runner.js:6906:18)\n    at Promise._settlePromise0 (http://localhost:61876/__cypress/runner/cypress_runner.js:6951:10)\n    at Promise._settlePromises (http://localhost:61876/__cypress/runner/cypress_runner.js:7031:18)\n    at _drainQueueStep (http://localhost:61876/__cypress/runner/cypress_runner.js:3621:12)\n    at _drainQueue (http://localhost:61876/__cypress/runner/cypress_runner.js:3614:9)\n    at ../../node_modules/bluebird/js/release/async.js.Async._drainQueues (http://localhost:61876/__cypress/runner/cypress_runner.js:3630:5)\n    at Async.drainQueues (http://localhost:61876/__cypress/runner/cypress_runner.js:3500:14)\nFrom Your Spec Code:\n    at Context.eval (webpack:///./cypress/e2e/API_cupons.cy.js:3:9)",
                "diff": null
              },
              "uuid": "92e71ca0-ab1a-48fa-837d-0370c326d46a",
              "parentUUID": "f66df4ab-a7ae-4d08-a205-a510ea6c931e",
              "isHook": false,
              "skipped": false
            }
          ],
          "suites": [],
          "passes": [],
          "failures": [
            "92e71ca0-ab1a-48fa-837d-0370c326d46a"
          ],
          "pending": [],
          "skipped": [],
          "duration": 969,
          "root": false,
          "rootEmpty": false,
          "_timeout": 2000
        }
      ],
      "passes": [],
      "failures": [],
      "pending": [],
      "skipped": [],
      "duration": 0,
      "root": true,
      "rootEmpty": true,
      "_timeout": 2000
    }
  ],
  "meta": {
    "mocha": {
      "version": "7.0.1"
    },
    "mochawesome": {
      "options": {
        "quiet": false,
        "reportFilename": "mochawesome",
        "saveHtml": true,
        "saveJson": true,
        "consoleReporter": "spec",
        "useInlineDiffs": false,
        "code": true
      },
      "version": "7.1.3"
    },
    "marge": {
      "options": {
        "reportDir": "cypress/results",
        "overwrite": false,
        "html": true,
        "json": true
      },
      "version": "6.2.0"
    }
  }
}