{
  "stats": {
    "suites": 1,
    "tests": 1,
    "passes": 1,
    "pending": 0,
    "failures": 0,
    "start": "2023-04-13T00:21:33.739Z",
    "end": "2023-04-13T00:21:34.487Z",
    "duration": 748,
    "testsRegistered": 1,
    "passPercent": 100,
    "pendingPercent": 0,
    "other": 0,
    "hasOther": false,
    "skipped": 0,
    "hasSkipped": false
  },
  "results": [
    {
      "uuid": "a723f783-dc4e-4e38-9480-74b4ee7ccf69",
      "title": "",
      "fullFile": "cypress\\e2e\\API_cupons.cy.js",
      "file": "cypress\\e2e\\API_cupons.cy.js",
      "beforeHooks": [],
      "afterHooks": [],
      "tests": [],
      "suites": [
        {
          "uuid": "2a1c459f-9475-445a-8e67-0bd9e9f31221",
          "title": "Teste de API para criação de cupom",
          "fullFile": "",
          "file": "",
          "beforeHooks": [],
          "afterHooks": [],
          "tests": [
            {
              "title": "Cria um novo cupom com sucesso",
              "fullTitle": "Teste de API para criação de cupom Cria um novo cupom com sucesso",
              "timedOut": null,
              "duration": 695,
              "state": "passed",
              "speed": "fast",
              "pass": true,
              "fail": false,
              "pending": false,
              "context": null,
              "code": "cy.request({\n  method: 'POST',\n  url: 'http://lojaebac.ebaconline.art.br/wp-json/wc/v3/coupons',\n  headers: {\n    \"Connection\": \"keep-alive\",\n    \"Authorization\": \"Basic YWRtaW5fZWJhYzpAYWRtaW4hJmJAYyEyMDIy\",\n    \"Content-Type\": \"application/json\"\n  },\n  body: {\n    \"code\": \"PalmeirasVerdesd\",\n    \"amount\": \"10\",\n    \"discount_type\": \"fixed_product\",\n    \"description\": \"Cupom de desconto de teste\"\n  },\n  failOnStatusCode: false\n}).then(response => {\n  expect(response.status).to.eq(400);\n  expect(response.body.code).to.eq(\"woocommerce_rest_coupon_code_already_exists\");\n  expect(response.body.message).to.eq(\"O código de cupom já existe\");\n});",
              "err": {},
              "uuid": "7392f4e3-5d4a-4ebb-9205-789b6b42f77e",
              "parentUUID": "2a1c459f-9475-445a-8e67-0bd9e9f31221",
              "isHook": false,
              "skipped": false
            }
          ],
          "suites": [],
          "passes": [
            "7392f4e3-5d4a-4ebb-9205-789b6b42f77e"
          ],
          "failures": [],
          "pending": [],
          "skipped": [],
          "duration": 695,
          "root": false,
          "rootEmpty": false,
          "_timeout": 2000
        }
      ],
      "passes": [],
      "failures": [],
      "pending": [],
      "skipped": [],
      "duration": 0,
      "root": true,
      "rootEmpty": true,
      "_timeout": 2000
    }
  ],
  "meta": {
    "mocha": {
      "version": "7.0.1"
    },
    "mochawesome": {
      "options": {
        "quiet": false,
        "reportFilename": "mochawesome",
        "saveHtml": true,
        "saveJson": true,
        "consoleReporter": "spec",
        "useInlineDiffs": false,
        "code": true
      },
      "version": "7.1.3"
    },
    "marge": {
      "options": {
        "reportDir": "cypress/results",
        "overwrite": false,
        "html": true,
        "json": true
      },
      "version": "6.2.0"
    }
  }
}