{
  "stats": {
    "suites": 1,
    "tests": 1,
    "passes": 0,
    "pending": 0,
    "failures": 1,
    "start": "2023-04-12T23:56:27.293Z",
    "end": "2023-04-12T23:56:27.633Z",
    "duration": 340,
    "testsRegistered": 3,
    "passPercent": 0,
    "pendingPercent": 0,
    "other": 0,
    "hasOther": false,
    "skipped": 2,
    "hasSkipped": true
  },
  "results": [
    {
      "uuid": "c86df768-7309-4d56-b0cf-27d715001d62",
      "title": "",
      "fullFile": "cypress\\e2e\\API_cupons.cy.js",
      "file": "cypress\\e2e\\API_cupons.cy.js",
      "beforeHooks": [],
      "afterHooks": [],
      "tests": [],
      "suites": [
        {
          "uuid": "14693790-64d2-4db1-b80f-cb248ad72da0",
          "title": "Teste da Funcionalidade Produtos",
          "fullFile": "",
          "file": "",
          "beforeHooks": [],
          "afterHooks": [],
          "tests": [],
          "suites": [
            {
              "uuid": "c8fa5af9-ac5c-43c9-a075-f04b63c4b6cd",
              "title": "Testando os métodos da API de cupons EBAC-SHOP",
              "fullFile": "",
              "file": "",
              "beforeHooks": [],
              "afterHooks": [],
              "tests": [
                {
                  "title": "Realizando um GET de cupons",
                  "fullTitle": "Teste da Funcionalidade Produtos Testando os métodos da API de cupons EBAC-SHOP Realizando um GET de cupons",
                  "timedOut": null,
                  "duration": 261,
                  "state": "failed",
                  "speed": null,
                  "pass": false,
                  "fail": true,
                  "pending": false,
                  "context": null,
                  "code": "cy.request({\n  method: 'GET',\n  url: 'http://lojaebac.ebaconline.art.br/wp-json/wc/v3/coupons',\n  headers: {\n    authorization: apiToken.authorization\n  }\n}).then(response => {\n  expect(response.status).to.equal(200);\n});",
                  "err": {
                    "message": "CypressError: `cy.request()` must be provided a fully qualified `url` - one that begins with `http`. By default `cy.request()` will use either the current window's origin or the `baseUrl` in `cypress.config.js`. Neither of those values were present.\n\nhttps://on.cypress.io/request\n\nBecause this error occurred during a `before all` hook we are skipping the remaining tests in the current suite: `Teste da Funcionalidade Pro...`",
                    "estack": "CypressError: `cy.request()` must be provided a fully qualified `url` - one that begins with `http`. By default `cy.request()` will use either the current window's origin or the `baseUrl` in `cypress.config.js`. Neither of those values were present.\n\nhttps://on.cypress.io/request\n\nBecause this error occurred during a `before all` hook we are skipping the remaining tests in the current suite: `Teste da Funcionalidade Pro...`\n    at Context.request (http://localhost:61161/__cypress/runner/cypress_runner.js:139541:78)\n    at wrapped (http://localhost:61161/__cypress/runner/cypress_runner.js:151174:43)\nFrom Your Spec Code:\n    at Context.eval (webpack:///./cypress/support/commands.js:29:7)",
                    "diff": null
                  },
                  "uuid": "81942683-1e65-4f71-bd2c-be4291f1feb2",
                  "parentUUID": null,
                  "isHook": false,
                  "skipped": false
                },
                {
                  "title": "Realizando POST de cupom",
                  "fullTitle": "Teste da Funcionalidade Produtos Testando os métodos da API de cupons EBAC-SHOP Realizando POST de cupom",
                  "timedOut": null,
                  "duration": 0,
                  "state": "skipped",
                  "speed": null,
                  "pass": false,
                  "fail": false,
                  "pending": false,
                  "context": null,
                  "code": "let code = faker.internet.userName();\nlet amount = faker.random.number({\n  min: 1,\n  max: 15\n});\ncy.request({\n  method: 'POST',\n  url: 'http://lojaebac.ebaconline.art.br/wp-json/wc/v3/coupons',\n  headers: {\n    authorization: apiToken.authorization\n  },\n  body: {\n    \"code\": code,\n    \"amount\": amount,\n    \"discount_type\": \"fixed_product\",\n    \"description\": \"Cupom de desconto\"\n  },\n  failOnStatusCode: false\n}).then(response => {\n  expect(response.body.data.status).to.equal(200);\n});",
                  "err": {},
                  "uuid": "dfb7950e-9718-4177-9657-fe71143b0b57",
                  "parentUUID": null,
                  "isHook": false,
                  "skipped": true
                },
                {
                  "title": "Realizando POST de cupom já existente",
                  "fullTitle": "Teste da Funcionalidade Produtos Testando os métodos da API de cupons EBAC-SHOP Realizando POST de cupom já existente",
                  "timedOut": null,
                  "duration": 0,
                  "state": "skipped",
                  "speed": null,
                  "pass": false,
                  "fail": false,
                  "pending": false,
                  "context": null,
                  "code": "cy.request({\n  method: 'POST',\n  url: 'http://lojaebac.ebaconline.art.br/wp-json/wc/v3/coupons',\n  headers: {\n    authorization: apiToken.authorization\n  },\n  body: {\n    \"code\": \"PalmeirasVerdesd\",\n    \"amount\": \"10\",\n    \"discount_type\": \"fixed_product\",\n    \"description\": \"Cupom de desconto de teste\"\n  },\n  failOnStatusCode: false\n}).then(response => {\n  expect(response.body.message).to.equal('O código de cupom já existe');\n});",
                  "err": {},
                  "uuid": "c9174959-b80e-447f-a2cc-9bf4a5f95d0e",
                  "parentUUID": null,
                  "isHook": false,
                  "skipped": true
                }
              ],
              "suites": [],
              "passes": [],
              "failures": [
                "81942683-1e65-4f71-bd2c-be4291f1feb2"
              ],
              "pending": [],
              "skipped": [
                "dfb7950e-9718-4177-9657-fe71143b0b57",
                "c9174959-b80e-447f-a2cc-9bf4a5f95d0e"
              ],
              "duration": 261,
              "root": false,
              "rootEmpty": false,
              "_timeout": 2000
            }
          ],
          "passes": [],
          "failures": [],
          "pending": [],
          "skipped": [],
          "duration": 0,
          "root": false,
          "rootEmpty": false,
          "_timeout": 2000
        }
      ],
      "passes": [],
      "failures": [],
      "pending": [],
      "skipped": [],
      "duration": 0,
      "root": true,
      "rootEmpty": true,
      "_timeout": 2000
    }
  ],
  "meta": {
    "mocha": {
      "version": "7.0.1"
    },
    "mochawesome": {
      "options": {
        "quiet": false,
        "reportFilename": "mochawesome",
        "saveHtml": true,
        "saveJson": true,
        "consoleReporter": "spec",
        "useInlineDiffs": false,
        "code": true
      },
      "version": "7.1.3"
    },
    "marge": {
      "options": {
        "reportDir": "cypress/results",
        "overwrite": false,
        "html": true,
        "json": true
      },
      "version": "6.2.0"
    }
  }
}