{
  "stats": {
    "suites": 1,
    "tests": 1,
    "passes": 0,
    "pending": 0,
    "failures": 1,
    "start": "2023-04-13T00:09:50.927Z",
    "end": "2023-04-13T00:09:51.331Z",
    "duration": 404,
    "testsRegistered": 3,
    "passPercent": 0,
    "pendingPercent": 0,
    "other": 0,
    "hasOther": false,
    "skipped": 2,
    "hasSkipped": true
  },
  "results": [
    {
      "uuid": "1524ee02-b771-42e5-921b-4ffb2edce364",
      "title": "",
      "fullFile": "cypress\\e2e\\API_cupons.cy.js",
      "file": "cypress\\e2e\\API_cupons.cy.js",
      "beforeHooks": [],
      "afterHooks": [],
      "tests": [],
      "suites": [
        {
          "uuid": "744849a6-e694-41dd-b393-53d43da9c259",
          "title": "Teste da Funcionalidade Produtos",
          "fullFile": "",
          "file": "",
          "beforeHooks": [],
          "afterHooks": [],
          "tests": [],
          "suites": [
            {
              "uuid": "78128456-a1b4-43a7-bcb6-8d2b1b5b4138",
              "title": "Testando os métodos da API de cupons EBAC-SHOP",
              "fullFile": "",
              "file": "",
              "beforeHooks": [],
              "afterHooks": [],
              "tests": [
                {
                  "title": "Realizando um GET de cupons",
                  "fullTitle": "Teste da Funcionalidade Produtos Testando os métodos da API de cupons EBAC-SHOP Realizando um GET de cupons",
                  "timedOut": null,
                  "duration": 330,
                  "state": "failed",
                  "speed": null,
                  "pass": false,
                  "fail": true,
                  "pending": false,
                  "context": null,
                  "code": "cy.request({\n  method: 'GET',\n  url: 'http://lojaebac.ebaconline.art.br/wp-json/wc/v3/coupons',\n  headers: {\n    'Authorization': `Basic ${credentials}`\n  }\n}).then(response => {\n  expect(response.status).to.equal(200);\n});",
                  "err": {
                    "message": "CypressError: `cy.request()` must be provided a fully qualified `url` - one that begins with `http`. By default `cy.request()` will use either the current window's origin or the `baseUrl` in `cypress.config.js`. Neither of those values were present.\n\nhttps://on.cypress.io/request\n\nBecause this error occurred during a `before all` hook we are skipping the remaining tests in the current suite: `Teste da Funcionalidade Pro...`",
                    "estack": "CypressError: `cy.request()` must be provided a fully qualified `url` - one that begins with `http`. By default `cy.request()` will use either the current window's origin or the `baseUrl` in `cypress.config.js`. Neither of those values were present.\n\nhttps://on.cypress.io/request\n\nBecause this error occurred during a `before all` hook we are skipping the remaining tests in the current suite: `Teste da Funcionalidade Pro...`\n    at Context.request (http://localhost:61646/__cypress/runner/cypress_runner.js:139541:78)\n    at wrapped (http://localhost:61646/__cypress/runner/cypress_runner.js:151174:43)\nFrom Your Spec Code:\n    at Context.eval (webpack:///./cypress/support/commands.js:29:7)",
                    "diff": null
                  },
                  "uuid": "ad453ecd-d9da-4a91-9ed7-6e5f33504418",
                  "parentUUID": null,
                  "isHook": false,
                  "skipped": false
                },
                {
                  "title": "Realizando POST de cupom",
                  "fullTitle": "Teste da Funcionalidade Produtos Testando os métodos da API de cupons EBAC-SHOP Realizando POST de cupom",
                  "timedOut": null,
                  "duration": 0,
                  "state": "skipped",
                  "speed": null,
                  "pass": false,
                  "fail": false,
                  "pending": false,
                  "context": null,
                  "code": "const faker = __webpack_require__(/*! faker-br */ \"./node_modules/faker-br/index.js\");\nlet code = faker.internet.userName();\nlet amount = faker.random.number({\n  min: 1,\n  max: 15\n});\ncy.request({\n  method: 'POST',\n  url: 'http://lojaebac.ebaconline.art.br/wp-json/wc/v3/coupons',\n  headers: {\n    'Authorization': `Basic ${credentials}`\n  },\n  body: {\n    \"code\": code,\n    \"amount\": amount,\n    \"discount_type\": \"fixed_product\",\n    \"description\": \"Cupom de desconto\"\n  },\n  failOnStatusCode: false\n}).then(response => {\n  expect(response.body.data.status).to.equal(200);\n});",
                  "err": {},
                  "uuid": "69f211f5-cc81-4f29-ab97-67734390b9fc",
                  "parentUUID": null,
                  "isHook": false,
                  "skipped": true
                },
                {
                  "title": "Realizando POST de cupom já existente",
                  "fullTitle": "Teste da Funcionalidade Produtos Testando os métodos da API de cupons EBAC-SHOP Realizando POST de cupom já existente",
                  "timedOut": null,
                  "duration": 0,
                  "state": "skipped",
                  "speed": null,
                  "pass": false,
                  "fail": false,
                  "pending": false,
                  "context": null,
                  "code": "cy.request({\n  method: 'POST',\n  url: 'http://lojaebac.ebaconline.art.br/wp-json/wc/v3/coupons',\n  headers: {\n    'Authorization': `Basic ${credentials}`\n  },\n  body: {\n    \"code\": \"PalmeirasVerdesd\",\n    \"amount\": \"10\",\n    \"discount_type\": \"fixed_product\",\n    \"description\": \"Cupom de desconto de teste\"\n  },\n  failOnStatusCode: false\n}).then(response => {\n  expect(response.body.message).to.equal('O código de cupom já existe');\n});",
                  "err": {},
                  "uuid": "1536157e-dbf9-4c94-8347-8ab16995a508",
                  "parentUUID": null,
                  "isHook": false,
                  "skipped": true
                }
              ],
              "suites": [],
              "passes": [],
              "failures": [
                "ad453ecd-d9da-4a91-9ed7-6e5f33504418"
              ],
              "pending": [],
              "skipped": [
                "69f211f5-cc81-4f29-ab97-67734390b9fc",
                "1536157e-dbf9-4c94-8347-8ab16995a508"
              ],
              "duration": 330,
              "root": false,
              "rootEmpty": false,
              "_timeout": 2000
            }
          ],
          "passes": [],
          "failures": [],
          "pending": [],
          "skipped": [],
          "duration": 0,
          "root": false,
          "rootEmpty": false,
          "_timeout": 2000
        }
      ],
      "passes": [],
      "failures": [],
      "pending": [],
      "skipped": [],
      "duration": 0,
      "root": true,
      "rootEmpty": true,
      "_timeout": 2000
    }
  ],
  "meta": {
    "mocha": {
      "version": "7.0.1"
    },
    "mochawesome": {
      "options": {
        "quiet": false,
        "reportFilename": "mochawesome",
        "saveHtml": true,
        "saveJson": true,
        "consoleReporter": "spec",
        "useInlineDiffs": false,
        "code": true
      },
      "version": "7.1.3"
    },
    "marge": {
      "options": {
        "reportDir": "cypress/results",
        "overwrite": false,
        "html": true,
        "json": true
      },
      "version": "6.2.0"
    }
  }
}